  MultiArray.cpp
D:\VisualStudioProjects\source\repos\MultiArray\MultiArray\MultiArray.h(168,39): warning C4267: '+=': conversion from 'size_t' to 'int', possible loss of data
D:\VisualStudioProjects\source\repos\MultiArray\MultiArray\MultiArray.h(165): message : while compiling class template member function 'T *MultiArray<T>::merge(void)'
          with
          [
              T=int
          ]
D:\VisualStudioProjects\source\repos\MultiArray\MultiArray\MultiArray.cpp(39): message : see reference to function template instantiation 'T *MultiArray<T>::merge(void)' being compiled
          with
          [
              T=int
          ]
D:\VisualStudioProjects\source\repos\MultiArray\MultiArray\MultiArray.cpp(12): message : see reference to class template instantiation 'MultiArray<int>' being compiled
D:\VisualStudioProjects\source\repos\MultiArray\MultiArray\MultiArray.h(151,1): warning C4267: 'initializing': conversion from 'size_t' to 'int', possible loss of data
D:\VisualStudioProjects\source\repos\MultiArray\MultiArray\MultiArray.h(145): message : while compiling class template member function 'MultiArray<int> MultiArray<int>::split(std::string)'
D:\VisualStudioProjects\source\repos\MultiArray\MultiArray\MultiArray.cpp(35): message : see reference to function template instantiation 'MultiArray<int> MultiArray<int>::split(std::string)' being compiled
D:\VisualStudioProjects\source\repos\MultiArray\MultiArray\MultiArray.h(129,1): warning C4267: 'initializing': conversion from 'size_t' to 'int', possible loss of data
D:\VisualStudioProjects\source\repos\MultiArray\MultiArray\MultiArray.h(123): message : while compiling class template member function 'T &MultiArray<T>::operator ()(std::string,int)'
          with
          [
              T=int
          ]
D:\VisualStudioProjects\source\repos\MultiArray\MultiArray\MultiArray.cpp(32): message : see reference to function template instantiation 'T &MultiArray<T>::operator ()(std::string,int)' being compiled
          with
          [
              T=int
          ]
D:\VisualStudioProjects\source\repos\MultiArray\MultiArray\MultiArray.h(68,1): warning C4267: 'initializing': conversion from 'size_t' to 'int', possible loss of data
D:\VisualStudioProjects\source\repos\MultiArray\MultiArray\MultiArray.h(61): message : while compiling class template member function 'T *MultiArray<T>::subArray(std::string,int,int,int)'
          with
          [
              T=int
          ]
D:\VisualStudioProjects\source\repos\MultiArray\MultiArray\MultiArray.cpp(20): message : see reference to function template instantiation 'T *MultiArray<T>::subArray(std::string,int,int,int)' being compiled
          with
          [
              T=int
          ]
  MultiArray.vcxproj -> D:\VisualStudioProjects\source\repos\MultiArray\x64\Debug\MultiArray.exe
